<?xml version="1.0" encoding="UTF-8"?>
<!-- Generated by org.testng.reporters.JUnitReportReporter -->
<testsuite hostname="DESKTOP-61TPGAL" failures="0" tests="2" name="Day_10.SampleTest" time="6.319" errors="0" timestamp="2023-03-15T10:35:20 CDT" skipped="0">
  <testcase classname="Day_10.SampleTest" name="before_test" time="5.567"/>
  <system-out/>
  <testcase classname="Day_10.SampleTest" name="test1" time="0.752"/>
  <system-out/>
</testsuite> <!-- Day_10.SampleTest -->
